Spider mode enabled. Check if remote file exists.
--2024-01-04 06:07:58--  https://brainworkup.org/
Resolving brainworkup.org (brainworkup.org)... 172.67.70.180, 104.26.11.2, 104.26.10.2
Connecting to brainworkup.org (brainworkup.org)|172.67.70.180|:443... connected.
HTTP request sent, awaiting response... 200 OK
Length: unspecified [text/html]
Remote file exists and could contain links to other resources -- retrieving.

--2024-01-04 06:08:00--  https://brainworkup.org/
Reusing existing connection to brainworkup.org:443.
HTTP request sent, awaiting response... 200 OK
Length: unspecified [text/html]
Saving to: ‘brainworkup.org/index.html.tmp.tmp’

     0K .......... .......... .......... ..                    20.2M=0.002s

2024-01-04 06:08:00 (20.2 MB/s) - ‘brainworkup.org/index.html.tmp.tmp’ saved [32910]

Removing brainworkup.org/index.html.tmp.tmp.

Spider mode enabled. Check if remote file exists.
--2024-01-04 06:08:01--  https://brainworkup.org/site_libs/quarto-nav/quarto-nav.js
Reusing existing connection to brainworkup.org:443.
HTTP request sent, awaiting response... 200 OK
Length: 5679 (5.5K) [application/javascript]
Remote file exists but does not contain any link -- not retrieving.

Removing brainworkup.org/site_libs/quarto-nav/quarto-nav.js.tmp.
unlink: No such file or directory

Spider mode enabled. Check if remote file exists.
--2024-01-04 06:08:02--  https://brainworkup.org/site_libs/quarto-nav/headroom.min.js
Reusing existing connection to brainworkup.org:443.
HTTP request sent, awaiting response... 200 OK
Length: unspecified [application/javascript]
Remote file exists but does not contain any link -- not retrieving.

Removing brainworkup.org/site_libs/quarto-nav/headroom.min.js.tmp.
unlink: No such file or directory

Spider mode enabled. Check if remote file exists.
--2024-01-04 06:08:04--  https://brainworkup.org/site_libs/clipboard/clipboard.min.js
Reusing existing connection to brainworkup.org:443.
HTTP request sent, awaiting response... 200 OK
Length: unspecified [application/javascript]
Remote file exists but does not contain any link -- not retrieving.

Removing brainworkup.org/site_libs/clipboard/clipboard.min.js.tmp.
unlink: No such file or directory

Spider mode enabled. Check if remote file exists.
--2024-01-04 06:08:05--  https://brainworkup.org/site_libs/quarto-search/autocomplete.umd.js
Reusing existing connection to brainworkup.org:443.
HTTP request sent, awaiting response... 200 OK
Length: unspecified [application/javascript]
Remote file exists but does not contain any link -- not retrieving.

Removing brainworkup.org/site_libs/quarto-search/autocomplete.umd.js.tmp.
unlink: No such file or directory

Spider mode enabled. Check if remote file exists.
--2024-01-04 06:08:06--  https://brainworkup.org/site_libs/quarto-search/fuse.min.js
Reusing existing connection to brainworkup.org:443.
HTTP request sent, awaiting response... 200 OK
Length: unspecified [application/javascript]
Remote file exists but does not contain any link -- not retrieving.

Removing brainworkup.org/site_libs/quarto-search/fuse.min.js.tmp.
unlink: No such file or directory

Spider mode enabled. Check if remote file exists.
--2024-01-04 06:08:07--  https://brainworkup.org/site_libs/quarto-search/quarto-search.js
Reusing existing connection to brainworkup.org:443.
HTTP request sent, awaiting response... 200 OK
Length: 22284 (22K) [application/javascript]
Remote file exists but does not contain any link -- not retrieving.

Removing brainworkup.org/site_libs/quarto-search/quarto-search.js.tmp.
unlink: No such file or directory

Spider mode enabled. Check if remote file exists.
--2024-01-04 06:08:08--  https://brainworkup.org/site_libs/quarto-search/autocomplete-preset-algolia.umd.js
Reusing existing connection to brainworkup.org:443.
HTTP request sent, awaiting response... 200 OK
Length: 6337 (6.2K) [application/javascript]
Remote file exists but does not contain any link -- not retrieving.

Removing brainworkup.org/site_libs/quarto-search/autocomplete-preset-algolia.umd.js.tmp.
unlink: No such file or directory

Spider mode enabled. Check if remote file exists.
--2024-01-04 06:08:10--  https://brainworkup.org/favicon.png
Reusing existing connection to brainworkup.org:443.
HTTP request sent, awaiting response... 200 OK
Length: 8656 (8.5K) [image/png]
Remote file exists but does not contain any link -- not retrieving.

Removing brainworkup.org/favicon.png.tmp.
unlink: No such file or directory

Spider mode enabled. Check if remote file exists.
--2024-01-04 06:08:10--  https://brainworkup.org/site_libs/cookie-consent/cookie-consent.js
Reusing existing connection to brainworkup.org:443.
HTTP request sent, awaiting response... 404 Not Found
Remote file does not exist -- broken link!!!

Spider mode enabled. Check if remote file exists.
--2024-01-04 06:08:10--  https://brainworkup.org/site_libs/cookie-consent/cookie-consent.css
Reusing existing connection to brainworkup.org:443.
HTTP request sent, awaiting response... 404 Not Found
Remote file does not exist -- broken link!!!

Spider mode enabled. Check if remote file exists.
--2024-01-04 06:08:12--  https://brainworkup.org/site_libs/quarto-html/quarto.js
Reusing existing connection to brainworkup.org:443.
HTTP request sent, awaiting response... 200 OK
Length: unspecified [application/javascript]
Remote file exists but does not contain any link -- not retrieving.

Removing brainworkup.org/site_libs/quarto-html/quarto.js.tmp.
unlink: No such file or directory

Spider mode enabled. Check if remote file exists.
--2024-01-04 06:08:13--  https://brainworkup.org/site_libs/quarto-html/popper.min.js
Reusing existing connection to brainworkup.org:443.
HTTP request sent, awaiting response... 200 OK
Length: unspecified [application/javascript]
Remote file exists but does not contain any link -- not retrieving.

Removing brainworkup.org/site_libs/quarto-html/popper.min.js.tmp.
unlink: No such file or directory

Spider mode enabled. Check if remote file exists.
--2024-01-04 06:08:14--  https://brainworkup.org/site_libs/quarto-html/tippy.umd.min.js
Reusing existing connection to brainworkup.org:443.
HTTP request sent, awaiting response... 200 OK
Length: unspecified [application/javascript]
Remote file exists but does not contain any link -- not retrieving.

Removing brainworkup.org/site_libs/quarto-html/tippy.umd.min.js.tmp.
unlink: No such file or directory

Spider mode enabled. Check if remote file exists.
--2024-01-04 06:08:15--  https://brainworkup.org/site_libs/quarto-html/tippy.css
Reusing existing connection to brainworkup.org:443.
HTTP request sent, awaiting response... 200 OK
Length: 1409 (1.4K) [text/css]
Remote file exists and could contain links to other resources -- retrieving.

--2024-01-04 06:08:16--  https://brainworkup.org/site_libs/quarto-html/tippy.css
Reusing existing connection to brainworkup.org:443.
HTTP request sent, awaiting response... 200 OK
Length: 1409 (1.4K) [text/css]
Saving to: ‘brainworkup.org/site_libs/quarto-html/tippy.css.tmp.tmp’

     0K .                                                     100% 1.31G=0s

2024-01-04 06:08:16 (1.31 GB/s) - ‘brainworkup.org/site_libs/quarto-html/tippy.css.tmp.tmp’ saved [1409/1409]

Removing brainworkup.org/site_libs/quarto-html/tippy.css.tmp.tmp.

Spider mode enabled. Check if remote file exists.
--2024-01-04 06:08:17--  https://brainworkup.org/site_libs/quarto-html/quarto-syntax-highlighting.css
Reusing existing connection to brainworkup.org:443.
HTTP request sent, awaiting response... 200 OK
Length: 2030 (2.0K) [text/css]
Remote file exists and could contain links to other resources -- retrieving.

--2024-01-04 06:08:18--  https://brainworkup.org/site_libs/quarto-html/quarto-syntax-highlighting.css
Reusing existing connection to brainworkup.org:443.
HTTP request sent, awaiting response... 200 OK
Length: 2030 (2.0K) [text/css]
Saving to: ‘brainworkup.org/site_libs/quarto-html/quarto-syntax-highlighting.css.tmp.tmp’

     0K .                                                     100%  277M=0s

2024-01-04 06:08:18 (277 MB/s) - ‘brainworkup.org/site_libs/quarto-html/quarto-syntax-highlighting.css.tmp.tmp’ saved [2030/2030]

Removing brainworkup.org/site_libs/quarto-html/quarto-syntax-highlighting.css.tmp.tmp.

Spider mode enabled. Check if remote file exists.
--2024-01-04 06:08:19--  https://brainworkup.org/site_libs/bootstrap/bootstrap.min.js
Reusing existing connection to brainworkup.org:443.
HTTP request sent, awaiting response... 200 OK
Length: unspecified [application/javascript]
Remote file exists but does not contain any link -- not retrieving.

Removing brainworkup.org/site_libs/bootstrap/bootstrap.min.js.tmp.
unlink: No such file or directory

Spider mode enabled. Check if remote file exists.
--2024-01-04 06:08:21--  https://brainworkup.org/site_libs/bootstrap/bootstrap-icons.css
Reusing existing connection to brainworkup.org:443.
HTTP request sent, awaiting response... 200 OK
Length: unspecified [text/css]
Remote file exists and could contain links to other resources -- retrieving.

--2024-01-04 06:08:22--  https://brainworkup.org/site_libs/bootstrap/bootstrap-icons.css
Reusing existing connection to brainworkup.org:443.
HTTP request sent, awaiting response... 200 OK
Length: unspecified [text/css]
Saving to: ‘brainworkup.org/site_libs/bootstrap/bootstrap-icons.css.tmp.tmp’

     0K .......... .......... .......... .......... .......... 71.4M
    50K .......... .......... .......... ...                   19.4M=0.002s

2024-01-04 06:08:22 (34.3 MB/s) - ‘brainworkup.org/site_libs/bootstrap/bootstrap-icons.css.tmp.tmp’ saved [85779]

Removing brainworkup.org/site_libs/bootstrap/bootstrap-icons.css.tmp.tmp.

Spider mode enabled. Check if remote file exists.
--2024-01-04 06:08:23--  https://brainworkup.org/site_libs/bootstrap/bootstrap.min.css
Reusing existing connection to brainworkup.org:443.
HTTP request sent, awaiting response... 200 OK
Length: unspecified [text/css]
Remote file exists and could contain links to other resources -- retrieving.

--2024-01-04 06:08:24--  https://brainworkup.org/site_libs/bootstrap/bootstrap.min.css
Reusing existing connection to brainworkup.org:443.
HTTP request sent, awaiting response... 200 OK
Length: unspecified [text/css]
Saving to: ‘brainworkup.org/site_libs/bootstrap/bootstrap.min.css.tmp.tmp’

     0K .......... .......... .......... .......... .......... 31.6M
    50K .......... .......... .......... .......... .......... 21.4M
   100K .......... .......... .......... .......... .......... 51.8M
   150K .......... .......... .......... .......... .......... 29.7M
   200K .......... .......... .......... .......... .......... 43.6M
   250K .......... .......... .......... .......... .......... 38.4M
   300K .......... .......... .......... .......... .......... 3.89M
   350K .......... .......... .......... .......... .......... 2.74M
   400K .......... .......... .......... .......... .......... 4.76M
   450K ..                                                     45.1K=0.05s

2024-01-04 06:08:24 (8.93 MB/s) - ‘brainworkup.org/site_libs/bootstrap/bootstrap.min.css.tmp.tmp’ saved [463107]

Removing brainworkup.org/site_libs/bootstrap/bootstrap.min.css.tmp.tmp.

Spider mode enabled. Check if remote file exists.
--2024-01-04 06:08:25--  https://brainworkup.org/styles.css
Reusing existing connection to brainworkup.org:443.
HTTP request sent, awaiting response... 200 OK
Length: 5044 (4.9K) [text/css]
Remote file exists and could contain links to other resources -- retrieving.

--2024-01-04 06:08:26--  https://brainworkup.org/styles.css
Reusing existing connection to brainworkup.org:443.
HTTP request sent, awaiting response... 200 OK
Length: 5044 (4.9K) [text/css]
Saving to: ‘brainworkup.org/styles.css.tmp.tmp’

     0K ....                                                  100%  534M=0s

2024-01-04 06:08:26 (534 MB/s) - ‘brainworkup.org/styles.css.tmp.tmp’ saved [5044/5044]

Removing brainworkup.org/styles.css.tmp.tmp.

Spider mode enabled. Check if remote file exists.
--2024-01-04 06:08:27--  https://brainworkup.org/index.css
Reusing existing connection to brainworkup.org:443.
HTTP request sent, awaiting response... 200 OK
Length: unspecified [text/css]
Remote file exists and could contain links to other resources -- retrieving.

--2024-01-04 06:08:29--  https://brainworkup.org/index.css
Reusing existing connection to brainworkup.org:443.
HTTP request sent, awaiting response... 200 OK
Length: 1993 (1.9K) [text/css]
Saving to: ‘brainworkup.org/index.css.tmp.tmp’

     0K .                                                     100% 1.86G=0s

2024-01-04 06:08:29 (1.86 GB/s) - ‘brainworkup.org/index.css.tmp.tmp’ saved [1993/1993]

Removing brainworkup.org/index.css.tmp.tmp.

Spider mode enabled. Check if remote file exists.
--2024-01-04 06:08:30--  https://brainworkup.org/joey-trampush/
Reusing existing connection to brainworkup.org:443.
HTTP request sent, awaiting response... 200 OK
Length: unspecified [text/html]
Remote file exists and could contain links to other resources -- retrieving.

--2024-01-04 06:08:31--  https://brainworkup.org/joey-trampush/
Reusing existing connection to brainworkup.org:443.
HTTP request sent, awaiting response... 200 OK
Length: unspecified [text/html]
Saving to: ‘brainworkup.org/joey-trampush/index.html.tmp.tmp’

     0K .......... .......... .......... ....                   104M=0s

2024-01-04 06:08:31 (104 MB/s) - ‘brainworkup.org/joey-trampush/index.html.tmp.tmp’ saved [35030]

Removing brainworkup.org/joey-trampush/index.html.tmp.tmp.

Spider mode enabled. Check if remote file exists.
--2024-01-04 06:08:32--  https://brainworkup.org/services/
Reusing existing connection to brainworkup.org:443.
HTTP request sent, awaiting response... 200 OK
Length: unspecified [text/html]
Remote file exists and could contain links to other resources -- retrieving.

--2024-01-04 06:08:33--  https://brainworkup.org/services/
Reusing existing connection to brainworkup.org:443.
HTTP request sent, awaiting response... 200 OK
Length: unspecified [text/html]
Saving to: ‘brainworkup.org/services/index.html.tmp.tmp’

     0K .......... .......... .......... .......... ...        9.01M=0.005s

2024-01-04 06:08:34 (9.01 MB/s) - ‘brainworkup.org/services/index.html.tmp.tmp’ saved [44203]

Removing brainworkup.org/services/index.html.tmp.tmp.

Spider mode enabled. Check if remote file exists.
--2024-01-04 06:08:35--  https://brainworkup.org/faq/
Reusing existing connection to brainworkup.org:443.
HTTP request sent, awaiting response... 200 OK
Length: unspecified [text/html]
Remote file exists and could contain links to other resources -- retrieving.

--2024-01-04 06:08:36--  https://brainworkup.org/faq/
Reusing existing connection to brainworkup.org:443.
HTTP request sent, awaiting response... 200 OK
Length: unspecified [text/html]
Saving to: ‘brainworkup.org/faq/index.html.tmp.tmp’

     0K .......... .......... .......... .......... ..         4.40M=0.009s

2024-01-04 06:08:36 (4.40 MB/s) - ‘brainworkup.org/faq/index.html.tmp.tmp’ saved [43573]

Removing brainworkup.org/faq/index.html.tmp.tmp.

Spider mode enabled. Check if remote file exists.
--2024-01-04 06:08:37--  https://brainworkup.org/contact/
Reusing existing connection to brainworkup.org:443.
HTTP request sent, awaiting response... 200 OK
Length: unspecified [text/html]
Remote file exists and could contain links to other resources -- retrieving.

--2024-01-04 06:08:38--  https://brainworkup.org/contact/
Reusing existing connection to brainworkup.org:443.
HTTP request sent, awaiting response... 200 OK
Length: unspecified [text/html]
Saving to: ‘brainworkup.org/contact/index.html.tmp.tmp’

     0K .......... .......... .......... ...                   28.0M=0.001s

2024-01-04 06:08:38 (28.0 MB/s) - ‘brainworkup.org/contact/index.html.tmp.tmp’ saved [34393]

Removing brainworkup.org/contact/index.html.tmp.tmp.

Spider mode enabled. Check if remote file exists.
--2024-01-04 06:08:39--  https://brainworkup.org/blog/
Reusing existing connection to brainworkup.org:443.
HTTP request sent, awaiting response... 200 OK
Length: unspecified [text/html]
Remote file exists and could contain links to other resources -- retrieving.

--2024-01-04 06:08:41--  https://brainworkup.org/blog/
Reusing existing connection to brainworkup.org:443.
HTTP request sent, awaiting response... 200 OK
Length: unspecified [text/html]
Saving to: ‘brainworkup.org/blog/index.html.tmp.tmp’

     0K .......... .......... .......... .........             2.17M=0.02s

2024-01-04 06:08:41 (2.17 MB/s) - ‘brainworkup.org/blog/index.html.tmp.tmp’ saved [40679]

Removing brainworkup.org/blog/index.html.tmp.tmp.

Spider mode enabled. Check if remote file exists.
--2024-01-04 06:08:42--  https://brainworkup.org/resources/cv.pdf
Reusing existing connection to brainworkup.org:443.
HTTP request sent, awaiting response... 200 OK
Length: unspecified [application/pdf]
Remote file exists but does not contain any link -- not retrieving.

Removing brainworkup.org/resources/cv.pdf.tmp.
unlink: No such file or directory

Spider mode enabled. Check if remote file exists.
--2024-01-04 06:08:43--  https://brainworkup.org/cdn-cgi/l/email-protection
Reusing existing connection to brainworkup.org:443.
HTTP request sent, awaiting response... 200 OK
Length: unspecified [text/html]
Remote file exists and could contain links to other resources -- retrieving.

--2024-01-04 06:08:44--  https://brainworkup.org/cdn-cgi/l/email-protection
Reusing existing connection to brainworkup.org:443.
HTTP request sent, awaiting response... 200 OK
Length: unspecified [text/html]
Saving to: ‘brainworkup.org/cdn-cgi/l/email-protection.tmp.tmp’

     0K ....                                                    746M=0s

2024-01-04 06:08:44 (746 MB/s) - ‘brainworkup.org/cdn-cgi/l/email-protection.tmp.tmp’ saved [4692]

Removing brainworkup.org/cdn-cgi/l/email-protection.tmp.tmp.

Spider mode enabled. Check if remote file exists.
--2024-01-04 06:08:45--  https://brainworkup.org/blog/index.xml
Reusing existing connection to brainworkup.org:443.
HTTP request sent, awaiting response... 200 OK
Length: unspecified [application/xml]
Remote file exists but does not contain any link -- not retrieving.

Removing brainworkup.org/blog/index.xml.tmp.
unlink: No such file or directory

Spider mode enabled. Check if remote file exists.
--2024-01-04 06:08:46--  https://brainworkup.org/hero-384.png
Reusing existing connection to brainworkup.org:443.
HTTP request sent, awaiting response... 200 OK
Length: 238251 (233K) [image/png]
Remote file exists but does not contain any link -- not retrieving.

Removing brainworkup.org/hero-384.png.tmp.
unlink: No such file or directory

Spider mode enabled. Check if remote file exists.
--2024-01-04 06:08:47--  https://brainworkup.org/services/conditions-treated/adhd-in-girls/
Reusing existing connection to brainworkup.org:443.
HTTP request sent, awaiting response... 200 OK
Length: unspecified [text/html]
Remote file exists and could contain links to other resources -- retrieving.

--2024-01-04 06:08:49--  https://brainworkup.org/services/conditions-treated/adhd-in-girls/
Reusing existing connection to brainworkup.org:443.
HTTP request sent, awaiting response... 200 OK
Length: unspecified [text/html]
Saving to: ‘brainworkup.org/services/conditions-treated/adhd-in-girls/index.html.tmp.tmp’

     0K .......... .......... .......... .......... .           178M=0s

2024-01-04 06:08:49 (178 MB/s) - ‘brainworkup.org/services/conditions-treated/adhd-in-girls/index.html.tmp.tmp’ saved [42626]

Removing brainworkup.org/services/conditions-treated/adhd-in-girls/index.html.tmp.tmp.

Spider mode enabled. Check if remote file exists.
--2024-01-04 06:08:50--  https://brainworkup.org/services/conditions-treated/testing-accommodations/
Reusing existing connection to brainworkup.org:443.
HTTP request sent, awaiting response... 200 OK
Length: unspecified [text/html]
Remote file exists and could contain links to other resources -- retrieving.

--2024-01-04 06:08:51--  https://brainworkup.org/services/conditions-treated/testing-accommodations/
Reusing existing connection to brainworkup.org:443.
HTTP request sent, awaiting response... 200 OK
Length: unspecified [text/html]
Saving to: ‘brainworkup.org/services/conditions-treated/testing-accommodations/index.html.tmp.tmp’

     0K .......... .......... .......... .......... .........  1.84M=0.03s

2024-01-04 06:08:51 (1.84 MB/s) - ‘brainworkup.org/services/conditions-treated/testing-accommodations/index.html.tmp.tmp’ saved [51047]

Removing brainworkup.org/services/conditions-treated/testing-accommodations/index.html.tmp.tmp.

Spider mode enabled. Check if remote file exists.
--2024-01-04 06:08:52--  https://brainworkup.org/services/forensic-neuropsychology/independent-medical-exam/
Reusing existing connection to brainworkup.org:443.
HTTP request sent, awaiting response... 200 OK
Length: unspecified [text/html]
Remote file exists and could contain links to other resources -- retrieving.

--2024-01-04 06:08:53--  https://brainworkup.org/services/forensic-neuropsychology/independent-medical-exam/
Reusing existing connection to brainworkup.org:443.
HTTP request sent, awaiting response... 200 OK
Length: unspecified [text/html]
Saving to: ‘brainworkup.org/services/forensic-neuropsychology/independent-medical-exam/index.html.tmp.tmp’

     0K .......... .......... .......... .......... ..          119M=0s

2024-01-04 06:08:53 (119 MB/s) - ‘brainworkup.org/services/forensic-neuropsychology/independent-medical-exam/index.html.tmp.tmp’ saved [43501]

Removing brainworkup.org/services/forensic-neuropsychology/independent-medical-exam/index.html.tmp.tmp.

Spider mode enabled. Check if remote file exists.
--2024-01-04 06:08:54--  https://brainworkup.org/services/adult-neuropsychology/adult-onset-adhd/
Reusing existing connection to brainworkup.org:443.
HTTP request sent, awaiting response... 200 OK
Length: unspecified [text/html]
Remote file exists and could contain links to other resources -- retrieving.

--2024-01-04 06:08:56--  https://brainworkup.org/services/adult-neuropsychology/adult-onset-adhd/
Reusing existing connection to brainworkup.org:443.
HTTP request sent, awaiting response... 200 OK
Length: unspecified [text/html]
Saving to: ‘brainworkup.org/services/adult-neuropsychology/adult-onset-adhd/index.html.tmp.tmp’

     0K .......... .......... .......... .......... ......     5.04M=0.009s

2024-01-04 06:08:56 (5.04 MB/s) - ‘brainworkup.org/services/adult-neuropsychology/adult-onset-adhd/index.html.tmp.tmp’ saved [47762]

Removing brainworkup.org/services/adult-neuropsychology/adult-onset-adhd/index.html.tmp.tmp.

Spider mode enabled. Check if remote file exists.
--2024-01-04 06:08:57--  https://brainworkup.org/cdn-cgi/scripts/5c5dd728/cloudflare-static/email-decode.min.js
Reusing existing connection to brainworkup.org:443.
HTTP request sent, awaiting response... 200 OK
Length: 1239 (1.2K) [application/javascript]
Remote file exists but does not contain any link -- not retrieving.

Removing brainworkup.org/cdn-cgi/scripts/5c5dd728/cloudflare-static/email-decode.min.js.tmp.
unlink: No such file or directory

Spider mode enabled. Check if remote file exists.
--2024-01-04 06:08:58--  https://brainworkup.org/site_libs/quarto-html/zenscroll-min.js
Reusing existing connection to brainworkup.org:443.
HTTP request sent, awaiting response... 200 OK
Length: unspecified [application/javascript]
Remote file exists but does not contain any link -- not retrieving.

Removing brainworkup.org/site_libs/quarto-html/zenscroll-min.js.tmp.
unlink: No such file or directory

Spider mode enabled. Check if remote file exists.
--2024-01-04 06:08:59--  https://brainworkup.org/cdn-cgi/scripts/7d0fa10a/cloudflare-static/rocket-loader.min.js
Reusing existing connection to brainworkup.org:443.
HTTP request sent, awaiting response... 200 OK
Length: 12332 (12K) [application/javascript]
Remote file exists but does not contain any link -- not retrieving.

Removing brainworkup.org/cdn-cgi/scripts/7d0fa10a/cloudflare-static/rocket-loader.min.js.tmp.
unlink: No such file or directory

Spider mode enabled. Check if remote file exists.
--2024-01-04 06:09:00--  https://brainworkup.org/site_libs/bootstrap/bootstrap-icons.woff?2820a3852bdb9a5832199cc61cec4e65
Reusing existing connection to brainworkup.org:443.
HTTP request sent, awaiting response... 200 OK
Length: unspecified [application/font-woff]
Remote file exists but does not contain any link -- not retrieving.

Removing brainworkup.org/site_libs/bootstrap/bootstrap-icons.woff?2820a3852bdb9a5832199cc61cec4e65.tmp.
unlink: No such file or directory

Spider mode enabled. Check if remote file exists.
--2024-01-04 06:09:01--  https://brainworkup.org/site_libs/quarto-contrib/glightbox/glightbox.min.js
Reusing existing connection to brainworkup.org:443.
HTTP request sent, awaiting response... 200 OK
Length: unspecified [application/javascript]
Remote file exists but does not contain any link -- not retrieving.

Removing brainworkup.org/site_libs/quarto-contrib/glightbox/glightbox.min.js.tmp.
unlink: No such file or directory

Spider mode enabled. Check if remote file exists.
--2024-01-04 06:09:02--  https://brainworkup.org/site_libs/quarto-contrib/glightbox/glightbox.min.css
Reusing existing connection to brainworkup.org:443.
HTTP request sent, awaiting response... 200 OK
Length: unspecified [text/css]
Remote file exists and could contain links to other resources -- retrieving.

--2024-01-04 06:09:04--  https://brainworkup.org/site_libs/quarto-contrib/glightbox/glightbox.min.css
Reusing existing connection to brainworkup.org:443.
HTTP request sent, awaiting response... 200 OK
Length: unspecified [text/css]
Saving to: ‘brainworkup.org/site_libs/quarto-contrib/glightbox/glightbox.min.css.tmp.tmp’

     0K .......... ...                                         4.27G=0s

2024-01-04 06:09:04 (4.27 GB/s) - ‘brainworkup.org/site_libs/quarto-contrib/glightbox/glightbox.min.css.tmp.tmp’ saved [13749]

Removing brainworkup.org/site_libs/quarto-contrib/glightbox/glightbox.min.css.tmp.tmp.

Spider mode enabled. Check if remote file exists.
--2024-01-04 06:09:05--  https://brainworkup.org/site_libs/quarto-contrib/glightbox/lightbox.css
Reusing existing connection to brainworkup.org:443.
HTTP request sent, awaiting response... 200 OK
Length: 547 [text/css]
Remote file exists and could contain links to other resources -- retrieving.

--2024-01-04 06:09:06--  https://brainworkup.org/site_libs/quarto-contrib/glightbox/lightbox.css
Reusing existing connection to brainworkup.org:443.
HTTP request sent, awaiting response... 200 OK
Length: 547 [text/css]
Saving to: ‘brainworkup.org/site_libs/quarto-contrib/glightbox/lightbox.css.tmp.tmp’

     0K                                                       100% 65.2M=0s

2024-01-04 06:09:06 (65.2 MB/s) - ‘brainworkup.org/site_libs/quarto-contrib/glightbox/lightbox.css.tmp.tmp’ saved [547/547]

Removing brainworkup.org/site_libs/quarto-contrib/glightbox/lightbox.css.tmp.tmp.

Spider mode enabled. Check if remote file exists.
--2024-01-04 06:09:07--  https://brainworkup.org/joey-trampush/jwt-fitted-512.jpg
Reusing existing connection to brainworkup.org:443.
HTTP request sent, awaiting response... 200 OK
Length: 54666 (53K) [image/jpeg]
Remote file exists but does not contain any link -- not retrieving.

Removing brainworkup.org/joey-trampush/jwt-fitted-512.jpg.tmp.
unlink: No such file or directory

Spider mode enabled. Check if remote file exists.
--2024-01-04 06:09:08--  https://brainworkup.org/joey-trampush/jwt_phd.png
Reusing existing connection to brainworkup.org:443.
HTTP request sent, awaiting response... 200 OK
Length: 21132 (21K) [image/png]
Remote file exists but does not contain any link -- not retrieving.

Removing brainworkup.org/joey-trampush/jwt_phd.png.tmp.
unlink: No such file or directory

Spider mode enabled. Check if remote file exists.
--2024-01-04 06:09:09--  https://brainworkup.org/services/pediatric-neuropsychology/index.html
Reusing existing connection to brainworkup.org:443.
HTTP request sent, awaiting response... 200 OK
Length: unspecified [text/html]
Remote file exists and could contain links to other resources -- retrieving.

--2024-01-04 06:09:11--  https://brainworkup.org/services/pediatric-neuropsychology/index.html
Reusing existing connection to brainworkup.org:443.
HTTP request sent, awaiting response... 200 OK
Length: unspecified [text/html]
Saving to: ‘brainworkup.org/services/pediatric-neuropsychology/index.html.tmp.tmp’

     0K .......... .......... .......... .......... ....       2.28M=0.02s

2024-01-04 06:09:11 (2.28 MB/s) - ‘brainworkup.org/services/pediatric-neuropsychology/index.html.tmp.tmp’ saved [46061]

Removing brainworkup.org/services/pediatric-neuropsychology/index.html.tmp.tmp.

Spider mode enabled. Check if remote file exists.
--2024-01-04 06:09:12--  https://brainworkup.org/site_libs/quarto-listing/list.min.js
Reusing existing connection to brainworkup.org:443.
HTTP request sent, awaiting response... 200 OK
Length: unspecified [application/javascript]
Remote file exists but does not contain any link -- not retrieving.

Removing brainworkup.org/site_libs/quarto-listing/list.min.js.tmp.
unlink: No such file or directory

Spider mode enabled. Check if remote file exists.
--2024-01-04 06:09:13--  https://brainworkup.org/site_libs/quarto-listing/quarto-listing.js
Reusing existing connection to brainworkup.org:443.
HTTP request sent, awaiting response... 200 OK
Length: unspecified [application/javascript]
Remote file exists but does not contain any link -- not retrieving.

Removing brainworkup.org/site_libs/quarto-listing/quarto-listing.js.tmp.
unlink: No such file or directory

Spider mode enabled. Check if remote file exists.
--2024-01-04 06:09:14--  https://brainworkup.org/site_libs/quarto-html/anchor.min.js
Reusing existing connection to brainworkup.org:443.
HTTP request sent, awaiting response... 200 OK
Length: unspecified [application/javascript]
Remote file exists but does not contain any link -- not retrieving.

Removing brainworkup.org/site_libs/quarto-html/anchor.min.js.tmp.
unlink: No such file or directory

Spider mode enabled. Check if remote file exists.
--2024-01-04 06:09:15--  https://brainworkup.org/services/pediatric-neuropsychology/
Reusing existing connection to brainworkup.org:443.
HTTP request sent, awaiting response... 200 OK
Length: unspecified [text/html]
Remote file exists and could contain links to other resources -- retrieving.

--2024-01-04 06:09:16--  https://brainworkup.org/services/pediatric-neuropsychology/
Reusing existing connection to brainworkup.org:443.
HTTP request sent, awaiting response... 200 OK
Length: unspecified [text/html]
Saving to: ‘brainworkup.org/services/pediatric-neuropsychology/index.html.tmp.tmp’

     0K .......... .......... .......... .......... ....       5.11M=0.009s

2024-01-04 06:09:17 (5.11 MB/s) - ‘brainworkup.org/services/pediatric-neuropsychology/index.html.tmp.tmp’ saved [46061]

Removing brainworkup.org/services/pediatric-neuropsychology/index.html.tmp.tmp.

Spider mode enabled. Check if remote file exists.
--2024-01-04 06:09:18--  https://brainworkup.org/services/pediatric-neuropsychology/preschool/
Reusing existing connection to brainworkup.org:443.
HTTP request sent, awaiting response... 200 OK
Length: unspecified [text/html]
Remote file exists and could contain links to other resources -- retrieving.

--2024-01-04 06:09:19--  https://brainworkup.org/services/pediatric-neuropsychology/preschool/
Reusing existing connection to brainworkup.org:443.
HTTP request sent, awaiting response... 200 OK
Length: unspecified [text/html]
Saving to: ‘brainworkup.org/services/pediatric-neuropsychology/preschool/index.html.tmp.tmp’

     0K .......... .......... .......... ..........             181M=0s

2024-01-04 06:09:19 (181 MB/s) - ‘brainworkup.org/services/pediatric-neuropsychology/preschool/index.html.tmp.tmp’ saved [41556]

Removing brainworkup.org/services/pediatric-neuropsychology/preschool/index.html.tmp.tmp.

Spider mode enabled. Check if remote file exists.
--2024-01-04 06:09:20--  https://brainworkup.org/services/pediatric-neuropsychology/school-age/
Reusing existing connection to brainworkup.org:443.
HTTP request sent, awaiting response... 200 OK
Length: unspecified [text/html]
Remote file exists and could contain links to other resources -- retrieving.

--2024-01-04 06:09:21--  https://brainworkup.org/services/pediatric-neuropsychology/school-age/
Reusing existing connection to brainworkup.org:443.
HTTP request sent, awaiting response... 200 OK
Length: unspecified [text/html]
Saving to: ‘brainworkup.org/services/pediatric-neuropsychology/school-age/index.html.tmp.tmp’

     0K .......... .......... .......... ..........             118M=0s

2024-01-04 06:09:21 (118 MB/s) - ‘brainworkup.org/services/pediatric-neuropsychology/school-age/index.html.tmp.tmp’ saved [41520]

Removing brainworkup.org/services/pediatric-neuropsychology/school-age/index.html.tmp.tmp.

Spider mode enabled. Check if remote file exists.
--2024-01-04 06:09:22--  https://brainworkup.org/services/pediatric-neuropsychology/adolescent/
Reusing existing connection to brainworkup.org:443.
HTTP request sent, awaiting response... 200 OK
Length: unspecified [text/html]
Remote file exists and could contain links to other resources -- retrieving.

--2024-01-04 06:09:23--  https://brainworkup.org/services/pediatric-neuropsychology/adolescent/
Reusing existing connection to brainworkup.org:443.
HTTP request sent, awaiting response... 200 OK
Length: unspecified [text/html]
Saving to: ‘brainworkup.org/services/pediatric-neuropsychology/adolescent/index.html.tmp.tmp’

     0K .......... .......... .......... ..........             143M=0s

2024-01-04 06:09:23 (143 MB/s) - ‘brainworkup.org/services/pediatric-neuropsychology/adolescent/index.html.tmp.tmp’ saved [41114]

Removing brainworkup.org/services/pediatric-neuropsychology/adolescent/index.html.tmp.tmp.

Spider mode enabled. Check if remote file exists.
--2024-01-04 06:09:24--  https://brainworkup.org/services/adult-neuropsychology/
Reusing existing connection to brainworkup.org:443.
HTTP request sent, awaiting response... 200 OK
Length: unspecified [text/html]
Remote file exists and could contain links to other resources -- retrieving.

--2024-01-04 06:09:26--  https://brainworkup.org/services/adult-neuropsychology/
Reusing existing connection to brainworkup.org:443.
HTTP request sent, awaiting response... 200 OK
Length: unspecified [text/html]
Saving to: ‘brainworkup.org/services/adult-neuropsychology/index.html.tmp.tmp’

     0K .......... .......... .......... .......... ......      157M=0s

2024-01-04 06:09:26 (157 MB/s) - ‘brainworkup.org/services/adult-neuropsychology/index.html.tmp.tmp’ saved [47322]

Removing brainworkup.org/services/adult-neuropsychology/index.html.tmp.tmp.

Spider mode enabled. Check if remote file exists.
--2024-01-04 06:09:27--  https://brainworkup.org/services/adult-neuropsychology/emerging-adulthood/
Reusing existing connection to brainworkup.org:443.
HTTP request sent, awaiting response... 200 OK
Length: unspecified [text/html]
Remote file exists and could contain links to other resources -- retrieving.

--2024-01-04 06:09:28--  https://brainworkup.org/services/adult-neuropsychology/emerging-adulthood/
Reusing existing connection to brainworkup.org:443.
HTTP request sent, awaiting response... 200 OK
Length: unspecified [text/html]
Saving to: ‘brainworkup.org/services/adult-neuropsychology/emerging-adulthood/index.html.tmp.tmp’

     0K .......... .......... .......... .......... ..         9.83M=0.004s

2024-01-04 06:09:28 (9.83 MB/s) - ‘brainworkup.org/services/adult-neuropsychology/emerging-adulthood/index.html.tmp.tmp’ saved [43883]

Removing brainworkup.org/services/adult-neuropsychology/emerging-adulthood/index.html.tmp.tmp.

Spider mode enabled. Check if remote file exists.
--2024-01-04 06:09:29--  https://brainworkup.org/services/forensic-neuropsychology/
Reusing existing connection to brainworkup.org:443.
HTTP request sent, awaiting response... 200 OK
Length: unspecified [text/html]
Remote file exists and could contain links to other resources -- retrieving.

--2024-01-04 06:09:30--  https://brainworkup.org/services/forensic-neuropsychology/
Reusing existing connection to brainworkup.org:443.
HTTP request sent, awaiting response... 200 OK
Length: unspecified [text/html]
Saving to: ‘brainworkup.org/services/forensic-neuropsychology/index.html.tmp.tmp’

     0K .......... .......... .......... .......... ....        120M=0s

2024-01-04 06:09:30 (120 MB/s) - ‘brainworkup.org/services/forensic-neuropsychology/index.html.tmp.tmp’ saved [45832]

Removing brainworkup.org/services/forensic-neuropsychology/index.html.tmp.tmp.

Spider mode enabled. Check if remote file exists.
--2024-01-04 06:09:31--  https://brainworkup.org/services/forensic-neuropsychology/mental-health-diversion/
Reusing existing connection to brainworkup.org:443.
HTTP request sent, awaiting response... 200 OK
Length: unspecified [text/html]
Remote file exists and could contain links to other resources -- retrieving.

--2024-01-04 06:09:32--  https://brainworkup.org/services/forensic-neuropsychology/mental-health-diversion/
Reusing existing connection to brainworkup.org:443.
HTTP request sent, awaiting response... 200 OK
Length: unspecified [text/html]
Saving to: ‘brainworkup.org/services/forensic-neuropsychology/mental-health-diversion/index.html.tmp.tmp’

     0K .......... .......... .......... .......... ......     4.61M=0.01s

2024-01-04 06:09:33 (4.61 MB/s) - ‘brainworkup.org/services/forensic-neuropsychology/mental-health-diversion/index.html.tmp.tmp’ saved [47341]

Removing brainworkup.org/services/forensic-neuropsychology/mental-health-diversion/index.html.tmp.tmp.

Spider mode enabled. Check if remote file exists.
--2024-01-04 06:09:34--  https://brainworkup.org/services/conditions-treated/
Reusing existing connection to brainworkup.org:443.
HTTP request sent, awaiting response... 200 OK
Length: unspecified [text/html]
Remote file exists and could contain links to other resources -- retrieving.

--2024-01-04 06:09:35--  https://brainworkup.org/services/conditions-treated/
Reusing existing connection to brainworkup.org:443.
HTTP request sent, awaiting response... 200 OK
Length: unspecified [text/html]
Saving to: ‘brainworkup.org/services/conditions-treated/index.html.tmp.tmp’

     0K .......... .......... .......... .......... .....      65.6M=0.001s

2024-01-04 06:09:35 (65.6 MB/s) - ‘brainworkup.org/services/conditions-treated/index.html.tmp.tmp’ saved [46534]

Removing brainworkup.org/services/conditions-treated/index.html.tmp.tmp.

Spider mode enabled. Check if remote file exists.
--2024-01-04 06:09:36--  https://brainworkup.org/services/conditions-treated/adhd/
Reusing existing connection to brainworkup.org:443.
HTTP request sent, awaiting response... 200 OK
Length: unspecified [text/html]
Remote file exists and could contain links to other resources -- retrieving.

--2024-01-04 06:09:37--  https://brainworkup.org/services/conditions-treated/adhd/
Reusing existing connection to brainworkup.org:443.
HTTP request sent, awaiting response... 200 OK
Length: unspecified [text/html]
Saving to: ‘brainworkup.org/services/conditions-treated/adhd/index.html.tmp.tmp’

     0K .......... .......... .......... .......... .....      1.23M=0.04s

2024-01-04 06:09:37 (1.23 MB/s) - ‘brainworkup.org/services/conditions-treated/adhd/index.html.tmp.tmp’ saved [46999]

Removing brainworkup.org/services/conditions-treated/adhd/index.html.tmp.tmp.

Spider mode enabled. Check if remote file exists.
--2024-01-04 06:09:37--  https://brainworkup.org/services/conditions-treated/dyslexia/
Reusing existing connection to brainworkup.org:443.
HTTP request sent, awaiting response... 200 OK
Length: unspecified [text/html]
Remote file exists and could contain links to other resources -- retrieving.

--2024-01-04 06:09:39--  https://brainworkup.org/services/conditions-treated/dyslexia/
Reusing existing connection to brainworkup.org:443.
HTTP request sent, awaiting response... 200 OK
Length: unspecified [text/html]
Saving to: ‘brainworkup.org/services/conditions-treated/dyslexia/index.html.tmp.tmp’

     0K .......... .......... .......... .......... ......     7.59M=0.006s

2024-01-04 06:09:39 (7.59 MB/s) - ‘brainworkup.org/services/conditions-treated/dyslexia/index.html.tmp.tmp’ saved [47700]

Removing brainworkup.org/services/conditions-treated/dyslexia/index.html.tmp.tmp.

Spider mode enabled. Check if remote file exists.
--2024-01-04 06:09:40--  https://brainworkup.org/services/conditions-treated/executive-function/
Reusing existing connection to brainworkup.org:443.
HTTP request sent, awaiting response... 200 OK
Length: unspecified [text/html]
Remote file exists and could contain links to other resources -- retrieving.

--2024-01-04 06:09:41--  https://brainworkup.org/services/conditions-treated/executive-function/
Reusing existing connection to brainworkup.org:443.
HTTP request sent, awaiting response... 200 OK
Length: unspecified [text/html]
Saving to: ‘brainworkup.org/services/conditions-treated/executive-function/index.html.tmp.tmp’

     0K .......... .......... .......... .......... .......    9.19M=0.005s

2024-01-04 06:09:41 (9.19 MB/s) - ‘brainworkup.org/services/conditions-treated/executive-function/index.html.tmp.tmp’ saved [48943]

Removing brainworkup.org/services/conditions-treated/executive-function/index.html.tmp.tmp.

Spider mode enabled. Check if remote file exists.
--2024-01-04 06:09:42--  https://brainworkup.org/services/conditions-treated/autism/
Reusing existing connection to brainworkup.org:443.
HTTP request sent, awaiting response... 200 OK
Length: unspecified [text/html]
Remote file exists and could contain links to other resources -- retrieving.

--2024-01-04 06:09:43--  https://brainworkup.org/services/conditions-treated/autism/
Reusing existing connection to brainworkup.org:443.
HTTP request sent, awaiting response... 200 OK
Length: unspecified [text/html]
Saving to: ‘brainworkup.org/services/conditions-treated/autism/index.html.tmp.tmp’

     0K .......... .......... .......... ..........            58.9M=0.001s

2024-01-04 06:09:43 (58.9 MB/s) - ‘brainworkup.org/services/conditions-treated/autism/index.html.tmp.tmp’ saved [41673]

Removing brainworkup.org/services/conditions-treated/autism/index.html.tmp.tmp.

Spider mode enabled. Check if remote file exists.
--2024-01-04 06:09:44--  https://brainworkup.org/services/conditions-treated/concussion/
Reusing existing connection to brainworkup.org:443.
HTTP request sent, awaiting response... 200 OK
Length: unspecified [text/html]
Remote file exists and could contain links to other resources -- retrieving.

--2024-01-04 06:09:45--  https://brainworkup.org/services/conditions-treated/concussion/
Reusing existing connection to brainworkup.org:443.
HTTP request sent, awaiting response... 200 OK
Length: unspecified [text/html]
Saving to: ‘brainworkup.org/services/conditions-treated/concussion/index.html.tmp.tmp’

     0K .......... .......... .......... .........             74.5M=0.001s

2024-01-04 06:09:45 (74.5 MB/s) - ‘brainworkup.org/services/conditions-treated/concussion/index.html.tmp.tmp’ saved [40769]

Removing brainworkup.org/services/conditions-treated/concussion/index.html.tmp.tmp.

Spider mode enabled. Check if remote file exists.
--2024-01-04 06:09:46--  https://brainworkup.org/faq/logo-transparent-384.png
Reusing existing connection to brainworkup.org:443.
HTTP request sent, awaiting response... 200 OK
Length: 32105 (31K) [image/png]
Remote file exists but does not contain any link -- not retrieving.

Removing brainworkup.org/faq/logo-transparent-384.png.tmp.
unlink: No such file or directory

Spider mode enabled. Check if remote file exists.
--2024-01-04 06:09:48--  https://brainworkup.org/site_libs/quarto-contrib/forms/forms.css
Reusing existing connection to brainworkup.org:443.
HTTP request sent, awaiting response... 200 OK
Length: 0 [text/css]
Remote file exists and could contain links to other resources -- retrieving.

--2024-01-04 06:09:49--  https://brainworkup.org/site_libs/quarto-contrib/forms/forms.css
Reusing existing connection to brainworkup.org:443.
HTTP request sent, awaiting response... 200 OK
Length: 0 [text/css]
Saving to: ‘brainworkup.org/site_libs/quarto-contrib/forms/forms.css.tmp.tmp’

     0K                                                        0.00 =0s

2024-01-04 06:09:49 (0.00 B/s) - ‘brainworkup.org/site_libs/quarto-contrib/forms/forms.css.tmp.tmp’ saved [0/0]

Removing brainworkup.org/site_libs/quarto-contrib/forms/forms.css.tmp.tmp.

Spider mode enabled. Check if remote file exists.
--2024-01-04 06:09:50--  https://brainworkup.org/contact/logo-253.png
Reusing existing connection to brainworkup.org:443.
HTTP request sent, awaiting response... 200 OK
Length: 17572 (17K) [image/png]
Remote file exists but does not contain any link -- not retrieving.

Removing brainworkup.org/contact/logo-253.png.tmp.
unlink: No such file or directory

Spider mode enabled. Check if remote file exists.
--2024-01-04 06:09:51--  https://brainworkup.org/blog/posts/2023-12-20-brain-development-tutorial/
Reusing existing connection to brainworkup.org:443.
HTTP request sent, awaiting response... 200 OK
Length: unspecified [text/html]
Remote file exists and could contain links to other resources -- retrieving.

--2024-01-04 06:09:52--  https://brainworkup.org/blog/posts/2023-12-20-brain-development-tutorial/
Reusing existing connection to brainworkup.org:443.
HTTP request sent, awaiting response... 200 OK
Length: unspecified [text/html]
Saving to: ‘brainworkup.org/blog/posts/2023-12-20-brain-development-tutorial/index.html.tmp.tmp’

     0K .......... .......... .......... .......               3.99M=0.009s

2024-01-04 06:09:52 (3.99 MB/s) - ‘brainworkup.org/blog/posts/2023-12-20-brain-development-tutorial/index.html.tmp.tmp’ saved [38041]

Removing brainworkup.org/blog/posts/2023-12-20-brain-development-tutorial/index.html.tmp.tmp.

Spider mode enabled. Check if remote file exists.
--2024-01-04 06:09:53--  https://brainworkup.org/blog/posts/2023-12-20-brain-development-tutorial/cyberpunk-600.png
Reusing existing connection to brainworkup.org:443.
HTTP request sent, awaiting response... 200 OK
Length: 751398 (734K) [image/png]
Remote file exists but does not contain any link -- not retrieving.

Removing brainworkup.org/blog/posts/2023-12-20-brain-development-tutorial/cyberpunk-600.png.tmp.
unlink: No such file or directory

Spider mode enabled. Check if remote file exists.
--2024-01-04 06:09:55--  https://brainworkup.org/blog/posts/2023-12-13-adhd-post/
Reusing existing connection to brainworkup.org:443.
HTTP request sent, awaiting response... 200 OK
Length: unspecified [text/html]
Remote file exists and could contain links to other resources -- retrieving.

--2024-01-04 06:09:56--  https://brainworkup.org/blog/posts/2023-12-13-adhd-post/
Reusing existing connection to brainworkup.org:443.
HTTP request sent, awaiting response... 200 OK
Length: unspecified [text/html]
Saving to: ‘brainworkup.org/blog/posts/2023-12-13-adhd-post/index.html.tmp.tmp’

     0K .......... .......... .......... ....                   184M=0s

2024-01-04 06:09:56 (184 MB/s) - ‘brainworkup.org/blog/posts/2023-12-13-adhd-post/index.html.tmp.tmp’ saved [35572]

Removing brainworkup.org/blog/posts/2023-12-13-adhd-post/index.html.tmp.tmp.

Spider mode enabled. Check if remote file exists.
--2024-01-04 06:09:57--  https://brainworkup.org/blog/posts/2023-12-13-adhd-post/brain.webp
Reusing existing connection to brainworkup.org:443.
HTTP request sent, awaiting response... 200 OK
Length: 482728 (471K) [image/webp]
Remote file exists but does not contain any link -- not retrieving.

Removing brainworkup.org/blog/posts/2023-12-13-adhd-post/brain.webp.tmp.
unlink: No such file or directory

Spider mode enabled. Check if remote file exists.
--2024-01-04 06:09:58--  https://brainworkup.org/blog/posts/2023-12-11-welcome/
Reusing existing connection to brainworkup.org:443.
HTTP request sent, awaiting response... 200 OK
Length: unspecified [text/html]
Remote file exists and could contain links to other resources -- retrieving.

--2024-01-04 06:09:59--  https://brainworkup.org/blog/posts/2023-12-11-welcome/
Reusing existing connection to brainworkup.org:443.
HTTP request sent, awaiting response... 200 OK
Length: unspecified [text/html]
Saving to: ‘brainworkup.org/blog/posts/2023-12-11-welcome/index.html.tmp.tmp’

     0K .......... .......... .......... ....                   191M=0s

2024-01-04 06:09:59 (191 MB/s) - ‘brainworkup.org/blog/posts/2023-12-11-welcome/index.html.tmp.tmp’ saved [35166]

Removing brainworkup.org/blog/posts/2023-12-11-welcome/index.html.tmp.tmp.

Spider mode enabled. Check if remote file exists.
--2024-01-04 06:10:00--  https://brainworkup.org/blog/posts/2023-12-11-welcome/biggie-600.jpg
Reusing existing connection to brainworkup.org:443.
HTTP request sent, awaiting response... 200 OK
Length: 134058 (131K) [image/jpeg]
Remote file exists but does not contain any link -- not retrieving.

Removing brainworkup.org/blog/posts/2023-12-11-welcome/biggie-600.jpg.tmp.
unlink: No such file or directory

Spider mode enabled. Check if remote file exists.
--2024-01-04 06:10:02--  https://brainworkup.org/cdn-cgi/styles/cf.errors.css
Reusing existing connection to brainworkup.org:443.
HTTP request sent, awaiting response... 200 OK
Length: 24132 (24K) [text/css]
Remote file exists and could contain links to other resources -- retrieving.

--2024-01-04 06:10:03--  https://brainworkup.org/cdn-cgi/styles/cf.errors.css
Reusing existing connection to brainworkup.org:443.
HTTP request sent, awaiting response... 200 OK
Length: 24132 (24K) [text/css]
Saving to: ‘brainworkup.org/cdn-cgi/styles/cf.errors.css.tmp.tmp’

     0K .......... .......... ...                             100% 32.7M=0.001s

2024-01-04 06:10:03 (32.7 MB/s) - ‘brainworkup.org/cdn-cgi/styles/cf.errors.css.tmp.tmp’ saved [24132/24132]

Removing brainworkup.org/cdn-cgi/styles/cf.errors.css.tmp.tmp.

Spider mode enabled. Check if remote file exists.
--2024-01-04 06:10:04--  https://brainworkup.org/services/conditions-treated/testing-accommodations/index.html
Reusing existing connection to brainworkup.org:443.
HTTP request sent, awaiting response... 200 OK
Length: unspecified [text/html]
Remote file exists and could contain links to other resources -- retrieving.

--2024-01-04 06:10:05--  https://brainworkup.org/services/conditions-treated/testing-accommodations/index.html
Reusing existing connection to brainworkup.org:443.
HTTP request sent, awaiting response... 200 OK
Length: unspecified [text/html]
Saving to: ‘brainworkup.org/services/conditions-treated/testing-accommodations/index.html.tmp.tmp’

     0K .......... .......... .......... .......... .........  6.53M=0.007s

2024-01-04 06:10:05 (6.53 MB/s) - ‘brainworkup.org/services/conditions-treated/testing-accommodations/index.html.tmp.tmp’ saved [51047]

Removing brainworkup.org/services/conditions-treated/testing-accommodations/index.html.tmp.tmp.

Spider mode enabled. Check if remote file exists.
--2024-01-04 06:10:06--  https://brainworkup.org/services/conditions-treated/adhd/index.html
Reusing existing connection to brainworkup.org:443.
HTTP request sent, awaiting response... 200 OK
Length: unspecified [text/html]
Remote file exists and could contain links to other resources -- retrieving.

--2024-01-04 06:10:07--  https://brainworkup.org/services/conditions-treated/adhd/index.html
Reusing existing connection to brainworkup.org:443.
HTTP request sent, awaiting response... 200 OK
Length: unspecified [text/html]
Saving to: ‘brainworkup.org/services/conditions-treated/adhd/index.html.tmp.tmp’

     0K .......... .......... .......... .......... .....       231M=0s

2024-01-04 06:10:07 (231 MB/s) - ‘brainworkup.org/services/conditions-treated/adhd/index.html.tmp.tmp’ saved [46999]

Removing brainworkup.org/services/conditions-treated/adhd/index.html.tmp.tmp.

Spider mode enabled. Check if remote file exists.
--2024-01-04 06:10:08--  https://brainworkup.org/services/conditions-treated/adhd-in-girls/adhd-girls-384.webp
Reusing existing connection to brainworkup.org:443.
HTTP request sent, awaiting response... 200 OK
Length: 107704 (105K) [image/webp]
Remote file exists but does not contain any link -- not retrieving.

Removing brainworkup.org/services/conditions-treated/adhd-in-girls/adhd-girls-384.webp.tmp.
unlink: No such file or directory

Spider mode enabled. Check if remote file exists.
--2024-01-04 06:10:09--  https://brainworkup.org/services/conditions-treated/dyslexia/index.html
Reusing existing connection to brainworkup.org:443.
HTTP request sent, awaiting response... 200 OK
Length: unspecified [text/html]
Remote file exists and could contain links to other resources -- retrieving.

--2024-01-04 06:10:11--  https://brainworkup.org/services/conditions-treated/dyslexia/index.html
Reusing existing connection to brainworkup.org:443.
HTTP request sent, awaiting response... 200 OK
Length: unspecified [text/html]
Saving to: ‘brainworkup.org/services/conditions-treated/dyslexia/index.html.tmp.tmp’

     0K .......... .......... .......... .......... ......     5.54M=0.008s

2024-01-04 06:10:11 (5.54 MB/s) - ‘brainworkup.org/services/conditions-treated/dyslexia/index.html.tmp.tmp’ saved [47700]

Removing brainworkup.org/services/conditions-treated/dyslexia/index.html.tmp.tmp.

Spider mode enabled. Check if remote file exists.
--2024-01-04 06:10:12--  https://brainworkup.org/services/conditions-treated/adhd-in-girls/index.html
Reusing existing connection to brainworkup.org:443.
HTTP request sent, awaiting response... 200 OK
Length: unspecified [text/html]
Remote file exists and could contain links to other resources -- retrieving.

--2024-01-04 06:10:13--  https://brainworkup.org/services/conditions-treated/adhd-in-girls/index.html
Reusing existing connection to brainworkup.org:443.
HTTP request sent, awaiting response... 200 OK
Length: unspecified [text/html]
Saving to: ‘brainworkup.org/services/conditions-treated/adhd-in-girls/index.html.tmp.tmp’

     0K .......... .......... .......... .......... .          51.3M=0.001s

2024-01-04 06:10:13 (51.3 MB/s) - ‘brainworkup.org/services/conditions-treated/adhd-in-girls/index.html.tmp.tmp’ saved [42626]

Removing brainworkup.org/services/conditions-treated/adhd-in-girls/index.html.tmp.tmp.

Spider mode enabled. Check if remote file exists.
--2024-01-04 06:10:14--  https://brainworkup.org/services/conditions-treated/testing-accommodations/testing-384.webp
Reusing existing connection to brainworkup.org:443.
HTTP request sent, awaiting response... 200 OK
Length: 93304 (91K) [image/webp]
Remote file exists but does not contain any link -- not retrieving.

Removing brainworkup.org/services/conditions-treated/testing-accommodations/testing-384.webp.tmp.
unlink: No such file or directory

Spider mode enabled. Check if remote file exists.
--2024-01-04 06:10:15--  https://brainworkup.org/services/forensic-neuropsychology/mental-health-diversion/index.html
Reusing existing connection to brainworkup.org:443.
HTTP request sent, awaiting response... 200 OK
Length: unspecified [text/html]
Remote file exists and could contain links to other resources -- retrieving.

--2024-01-04 06:10:16--  https://brainworkup.org/services/forensic-neuropsychology/mental-health-diversion/index.html
Reusing existing connection to brainworkup.org:443.
HTTP request sent, awaiting response... 200 OK
Length: unspecified [text/html]
Saving to: ‘brainworkup.org/services/forensic-neuropsychology/mental-health-diversion/index.html.tmp.tmp’

     0K .......... .......... .......... .......... ......     4.86M=0.009s

2024-01-04 06:10:16 (4.86 MB/s) - ‘brainworkup.org/services/forensic-neuropsychology/mental-health-diversion/index.html.tmp.tmp’ saved [47341]

Removing brainworkup.org/services/forensic-neuropsychology/mental-health-diversion/index.html.tmp.tmp.

Spider mode enabled. Check if remote file exists.
--2024-01-04 06:10:17--  https://brainworkup.org/services/forensic-neuropsychology/index.html
Reusing existing connection to brainworkup.org:443.
HTTP request sent, awaiting response... 200 OK
Length: unspecified [text/html]
Remote file exists and could contain links to other resources -- retrieving.

--2024-01-04 06:10:18--  https://brainworkup.org/services/forensic-neuropsychology/index.html
Reusing existing connection to brainworkup.org:443.
HTTP request sent, awaiting response... 200 OK
Length: unspecified [text/html]
Saving to: ‘brainworkup.org/services/forensic-neuropsychology/index.html.tmp.tmp’

     0K .......... .......... .......... .......... ....       7.92M=0.006s

2024-01-04 06:10:18 (7.92 MB/s) - ‘brainworkup.org/services/forensic-neuropsychology/index.html.tmp.tmp’ saved [45832]

Removing brainworkup.org/services/forensic-neuropsychology/index.html.tmp.tmp.

Spider mode enabled. Check if remote file exists.
--2024-01-04 06:10:19--  https://brainworkup.org/services/adult-neuropsychology/emerging-adulthood/index.html
Reusing existing connection to brainworkup.org:443.
HTTP request sent, awaiting response... 200 OK
Length: unspecified [text/html]
Remote file exists and could contain links to other resources -- retrieving.

--2024-01-04 06:10:21--  https://brainworkup.org/services/adult-neuropsychology/emerging-adulthood/index.html
Reusing existing connection to brainworkup.org:443.
HTTP request sent, awaiting response... 200 OK
Length: unspecified [text/html]
Saving to: ‘brainworkup.org/services/adult-neuropsychology/emerging-adulthood/index.html.tmp.tmp’

     0K .......... .......... .......... .......... ..          119M=0s

2024-01-04 06:10:21 (119 MB/s) - ‘brainworkup.org/services/adult-neuropsychology/emerging-adulthood/index.html.tmp.tmp’ saved [43883]

Removing brainworkup.org/services/adult-neuropsychology/emerging-adulthood/index.html.tmp.tmp.

Spider mode enabled. Check if remote file exists.
--2024-01-04 06:10:22--  https://brainworkup.org/services/adult-neuropsychology/adult-onset-adhd/boomboxbrain.webp
Reusing existing connection to brainworkup.org:443.
HTTP request sent, awaiting response... 200 OK
Length: 510480 (499K) [image/webp]
Remote file exists but does not contain any link -- not retrieving.

Removing brainworkup.org/services/adult-neuropsychology/adult-onset-adhd/boomboxbrain.webp.tmp.
unlink: No such file or directory

Spider mode enabled. Check if remote file exists.
--2024-01-04 06:10:23--  https://brainworkup.org/services/pediatric-neuropsychology/preschool/index.html
Reusing existing connection to brainworkup.org:443.
HTTP request sent, awaiting response... 200 OK
Length: unspecified [text/html]
Remote file exists and could contain links to other resources -- retrieving.

--2024-01-04 06:10:24--  https://brainworkup.org/services/pediatric-neuropsychology/preschool/index.html
Reusing existing connection to brainworkup.org:443.
HTTP request sent, awaiting response... 200 OK
Length: unspecified [text/html]
Saving to: ‘brainworkup.org/services/pediatric-neuropsychology/preschool/index.html.tmp.tmp’

     0K .......... .......... .......... ..........             246M=0s

2024-01-04 06:10:24 (246 MB/s) - ‘brainworkup.org/services/pediatric-neuropsychology/preschool/index.html.tmp.tmp’ saved [41556]

Removing brainworkup.org/services/pediatric-neuropsychology/preschool/index.html.tmp.tmp.

Spider mode enabled. Check if remote file exists.
--2024-01-04 06:10:25--  https://brainworkup.org/services/index.html
Reusing existing connection to brainworkup.org:443.
HTTP request sent, awaiting response... 200 OK
Length: unspecified [text/html]
Remote file exists and could contain links to other resources -- retrieving.

--2024-01-04 06:10:26--  https://brainworkup.org/services/index.html
Reusing existing connection to brainworkup.org:443.
HTTP request sent, awaiting response... 200 OK
Length: unspecified [text/html]
Saving to: ‘brainworkup.org/services/index.html.tmp.tmp’

     0K .......... .......... .......... .......... ...        78.6M=0.001s

2024-01-04 06:10:26 (78.6 MB/s) - ‘brainworkup.org/services/index.html.tmp.tmp’ saved [44203]

Removing brainworkup.org/services/index.html.tmp.tmp.

Spider mode enabled. Check if remote file exists.
--2024-01-04 06:10:27--  https://brainworkup.org/services/pediatric-neuropsychology/kids-384.webp
Reusing existing connection to brainworkup.org:443.
HTTP request sent, awaiting response... 200 OK
Length: 74438 (73K) [image/webp]
Remote file exists but does not contain any link -- not retrieving.

Removing brainworkup.org/services/pediatric-neuropsychology/kids-384.webp.tmp.
unlink: No such file or directory

Spider mode enabled. Check if remote file exists.
--2024-01-04 06:10:29--  https://brainworkup.org/services/pediatric-neuropsychology/school-age/index.html
Reusing existing connection to brainworkup.org:443.
HTTP request sent, awaiting response... 200 OK
Length: unspecified [text/html]
Remote file exists and could contain links to other resources -- retrieving.

--2024-01-04 06:10:30--  https://brainworkup.org/services/pediatric-neuropsychology/school-age/index.html
Reusing existing connection to brainworkup.org:443.
HTTP request sent, awaiting response... 200 OK
Length: unspecified [text/html]
Saving to: ‘brainworkup.org/services/pediatric-neuropsychology/school-age/index.html.tmp.tmp’

     0K .......... .......... .......... ..........             129M=0s

2024-01-04 06:10:30 (129 MB/s) - ‘brainworkup.org/services/pediatric-neuropsychology/school-age/index.html.tmp.tmp’ saved [41520]

Removing brainworkup.org/services/pediatric-neuropsychology/school-age/index.html.tmp.tmp.

Spider mode enabled. Check if remote file exists.
--2024-01-04 06:10:31--  https://brainworkup.org/services/pediatric-neuropsychology/adolescent/index.html
Reusing existing connection to brainworkup.org:443.
HTTP request sent, awaiting response... 200 OK
Length: unspecified [text/html]
Remote file exists and could contain links to other resources -- retrieving.

--2024-01-04 06:10:32--  https://brainworkup.org/services/pediatric-neuropsychology/adolescent/index.html
Reusing existing connection to brainworkup.org:443.
HTTP request sent, awaiting response... 200 OK
Length: unspecified [text/html]
Saving to: ‘brainworkup.org/services/pediatric-neuropsychology/adolescent/index.html.tmp.tmp’

     0K .......... .......... .......... ..........            88.3M=0s

2024-01-04 06:10:32 (88.3 MB/s) - ‘brainworkup.org/services/pediatric-neuropsychology/adolescent/index.html.tmp.tmp’ saved [41114]

Removing brainworkup.org/services/pediatric-neuropsychology/adolescent/index.html.tmp.tmp.

Spider mode enabled. Check if remote file exists.
--2024-01-04 06:10:33--  https://brainworkup.org/services/adult-neuropsychology/index.html
Reusing existing connection to brainworkup.org:443.
HTTP request sent, awaiting response... 200 OK
Length: unspecified [text/html]
Remote file exists and could contain links to other resources -- retrieving.

--2024-01-04 06:10:34--  https://brainworkup.org/services/adult-neuropsychology/index.html
Reusing existing connection to brainworkup.org:443.
HTTP request sent, awaiting response... 200 OK
Length: unspecified [text/html]
Saving to: ‘brainworkup.org/services/adult-neuropsychology/index.html.tmp.tmp’

     0K .......... .......... .......... .......... ......     7.45M=0.006s

2024-01-04 06:10:34 (7.45 MB/s) - ‘brainworkup.org/services/adult-neuropsychology/index.html.tmp.tmp’ saved [47322]

Removing brainworkup.org/services/adult-neuropsychology/index.html.tmp.tmp.

Spider mode enabled. Check if remote file exists.
--2024-01-04 06:10:35--  https://brainworkup.org/services/adult-neuropsychology/adults-384.png
Reusing existing connection to brainworkup.org:443.
HTTP request sent, awaiting response... 200 OK
Length: 237171 (232K) [image/png]
Remote file exists but does not contain any link -- not retrieving.

Removing brainworkup.org/services/adult-neuropsychology/adults-384.png.tmp.
unlink: No such file or directory

Spider mode enabled. Check if remote file exists.
--2024-01-04 06:10:37--  https://brainworkup.org/services/adult-neuropsychology/adult-onset-adhd/index.html
Reusing existing connection to brainworkup.org:443.
HTTP request sent, awaiting response... 200 OK
Length: unspecified [text/html]
Remote file exists and could contain links to other resources -- retrieving.

--2024-01-04 06:10:38--  https://brainworkup.org/services/adult-neuropsychology/adult-onset-adhd/index.html
Reusing existing connection to brainworkup.org:443.
HTTP request sent, awaiting response... 200 OK
Length: unspecified [text/html]
Saving to: ‘brainworkup.org/services/adult-neuropsychology/adult-onset-adhd/index.html.tmp.tmp’

     0K .......... .......... .......... .......... ......     16.6M=0.003s

2024-01-04 06:10:38 (16.6 MB/s) - ‘brainworkup.org/services/adult-neuropsychology/adult-onset-adhd/index.html.tmp.tmp’ saved [47762]

Removing brainworkup.org/services/adult-neuropsychology/adult-onset-adhd/index.html.tmp.tmp.

Spider mode enabled. Check if remote file exists.
--2024-01-04 06:10:39--  https://brainworkup.org/services/adult-neuropsychology/emerging-adulthood/mentalhealth1.jpeg
Reusing existing connection to brainworkup.org:443.
HTTP request sent, awaiting response... 200 OK
Length: 26039 (25K) [image/jpeg]
Remote file exists but does not contain any link -- not retrieving.

Removing brainworkup.org/services/adult-neuropsychology/emerging-adulthood/mentalhealth1.jpeg.tmp.
unlink: No such file or directory

Spider mode enabled. Check if remote file exists.
--2024-01-04 06:10:40--  https://brainworkup.org/services/forensic-neuropsychology/independent-medical-exam/index.html
Reusing existing connection to brainworkup.org:443.
HTTP request sent, awaiting response... 200 OK
Length: unspecified [text/html]
Remote file exists and could contain links to other resources -- retrieving.

--2024-01-04 06:10:41--  https://brainworkup.org/services/forensic-neuropsychology/independent-medical-exam/index.html
Reusing existing connection to brainworkup.org:443.
HTTP request sent, awaiting response... 200 OK
Length: unspecified [text/html]
Saving to: ‘brainworkup.org/services/forensic-neuropsychology/independent-medical-exam/index.html.tmp.tmp’

     0K .......... .......... .......... .......... ..         6.20M=0.007s

2024-01-04 06:10:41 (6.20 MB/s) - ‘brainworkup.org/services/forensic-neuropsychology/independent-medical-exam/index.html.tmp.tmp’ saved [43501]

Removing brainworkup.org/services/forensic-neuropsychology/independent-medical-exam/index.html.tmp.tmp.

Spider mode enabled. Check if remote file exists.
--2024-01-04 06:10:42--  https://brainworkup.org/services/forensic-neuropsychology/forensic-384.webp
Reusing existing connection to brainworkup.org:443.
HTTP request sent, awaiting response... 200 OK
Length: 20602 (20K) [image/webp]
Remote file exists but does not contain any link -- not retrieving.

Removing brainworkup.org/services/forensic-neuropsychology/forensic-384.webp.tmp.
unlink: No such file or directory

Spider mode enabled. Check if remote file exists.
--2024-01-04 06:10:44--  https://brainworkup.org/services/conditions-treated/index.html
Reusing existing connection to brainworkup.org:443.
HTTP request sent, awaiting response... 200 OK
Length: unspecified [text/html]
Remote file exists and could contain links to other resources -- retrieving.

--2024-01-04 06:10:45--  https://brainworkup.org/services/conditions-treated/index.html
Reusing existing connection to brainworkup.org:443.
HTTP request sent, awaiting response... 200 OK
Length: unspecified [text/html]
Saving to: ‘brainworkup.org/services/conditions-treated/index.html.tmp.tmp’

     0K .......... .......... .......... .......... .....      42.6M=0.001s

2024-01-04 06:10:45 (42.6 MB/s) - ‘brainworkup.org/services/conditions-treated/index.html.tmp.tmp’ saved [46534]

Removing brainworkup.org/services/conditions-treated/index.html.tmp.tmp.

Spider mode enabled. Check if remote file exists.
--2024-01-04 06:10:46--  https://brainworkup.org/services/conditions-treated/logo-transparent-yellow.png
Reusing existing connection to brainworkup.org:443.
HTTP request sent, awaiting response... 200 OK
Length: 69307 (68K) [image/png]
Remote file exists but does not contain any link -- not retrieving.

Removing brainworkup.org/services/conditions-treated/logo-transparent-yellow.png.tmp.
unlink: No such file or directory

Spider mode enabled. Check if remote file exists.
--2024-01-04 06:10:47--  https://brainworkup.org/services/conditions-treated/adhd/adhd-black-384.webp
Reusing existing connection to brainworkup.org:443.
HTTP request sent, awaiting response... 200 OK
Length: 113196 (111K) [image/webp]
Remote file exists but does not contain any link -- not retrieving.

Removing brainworkup.org/services/conditions-treated/adhd/adhd-black-384.webp.tmp.
unlink: No such file or directory

Spider mode enabled. Check if remote file exists.
--2024-01-04 06:10:48--  https://brainworkup.org/services/conditions-treated/executive-function/index.html
Reusing existing connection to brainworkup.org:443.
HTTP request sent, awaiting response... 200 OK
Length: unspecified [text/html]
Remote file exists and could contain links to other resources -- retrieving.

--2024-01-04 06:10:49--  https://brainworkup.org/services/conditions-treated/executive-function/index.html
Reusing existing connection to brainworkup.org:443.
HTTP request sent, awaiting response... 200 OK
Length: unspecified [text/html]
Saving to: ‘brainworkup.org/services/conditions-treated/executive-function/index.html.tmp.tmp’

     0K .......... .......... .......... .......... .......     163M=0s

2024-01-04 06:10:50 (163 MB/s) - ‘brainworkup.org/services/conditions-treated/executive-function/index.html.tmp.tmp’ saved [48943]

Removing brainworkup.org/services/conditions-treated/executive-function/index.html.tmp.tmp.

Spider mode enabled. Check if remote file exists.
--2024-01-04 06:10:51--  https://brainworkup.org/services/conditions-treated/dyslexia/dyslexia-384.png
Reusing existing connection to brainworkup.org:443.
HTTP request sent, awaiting response... 200 OK
Length: 289627 (283K) [image/png]
Remote file exists but does not contain any link -- not retrieving.

Removing brainworkup.org/services/conditions-treated/dyslexia/dyslexia-384.png.tmp.
unlink: No such file or directory

Spider mode enabled. Check if remote file exists.
--2024-01-04 06:10:52--  https://brainworkup.org/services/conditions-treated/autism/index.html
Reusing existing connection to brainworkup.org:443.
HTTP request sent, awaiting response... 200 OK
Length: unspecified [text/html]
Remote file exists and could contain links to other resources -- retrieving.

--2024-01-04 06:10:53--  https://brainworkup.org/services/conditions-treated/autism/index.html
Reusing existing connection to brainworkup.org:443.
HTTP request sent, awaiting response... 200 OK
Length: unspecified [text/html]
Saving to: ‘brainworkup.org/services/conditions-treated/autism/index.html.tmp.tmp’

     0K .......... .......... .......... ..........            58.1M=0.001s

2024-01-04 06:10:53 (58.1 MB/s) - ‘brainworkup.org/services/conditions-treated/autism/index.html.tmp.tmp’ saved [41673]

Removing brainworkup.org/services/conditions-treated/autism/index.html.tmp.tmp.

Spider mode enabled. Check if remote file exists.
--2024-01-04 06:10:54--  https://brainworkup.org/services/conditions-treated/executive-function/executive-384.png
Reusing existing connection to brainworkup.org:443.
HTTP request sent, awaiting response... 200 OK
Length: 383370 (374K) [image/png]
Remote file exists but does not contain any link -- not retrieving.

Removing brainworkup.org/services/conditions-treated/executive-function/executive-384.png.tmp.
unlink: No such file or directory

Spider mode enabled. Check if remote file exists.
--2024-01-04 06:10:55--  https://brainworkup.org/services/conditions-treated/concussion/index.html
Reusing existing connection to brainworkup.org:443.
HTTP request sent, awaiting response... 200 OK
Length: unspecified [text/html]
Remote file exists and could contain links to other resources -- retrieving.

--2024-01-04 06:10:56--  https://brainworkup.org/services/conditions-treated/concussion/index.html
Reusing existing connection to brainworkup.org:443.
HTTP request sent, awaiting response... 200 OK
Length: unspecified [text/html]
Saving to: ‘brainworkup.org/services/conditions-treated/concussion/index.html.tmp.tmp’

     0K .......... .......... .......... .........              256M=0s

2024-01-04 06:10:57 (256 MB/s) - ‘brainworkup.org/services/conditions-treated/concussion/index.html.tmp.tmp’ saved [40769]

Removing brainworkup.org/services/conditions-treated/concussion/index.html.tmp.tmp.

Spider mode enabled. Check if remote file exists.
--2024-01-04 06:10:58--  https://brainworkup.org/cdn-cgi/images/icon-exclamation.png?1376755637
Reusing existing connection to brainworkup.org:443.
HTTP request sent, awaiting response... 200 OK
Length: 452 [image/png]
Remote file exists but does not contain any link -- not retrieving.

Removing brainworkup.org/cdn-cgi/images/icon-exclamation.png?1376755637.tmp.
unlink: No such file or directory

Spider mode enabled. Check if remote file exists.
--2024-01-04 06:10:59--  https://brainworkup.org/cdn-cgi/images/cf-icon-horizontal-arrow.png
Reusing existing connection to brainworkup.org:443.
HTTP request sent, awaiting response... 200 OK
Length: 537 [image/png]
Remote file exists but does not contain any link -- not retrieving.

Removing brainworkup.org/cdn-cgi/images/cf-icon-horizontal-arrow.png.tmp.
unlink: No such file or directory

Spider mode enabled. Check if remote file exists.
--2024-01-04 06:11:00--  https://brainworkup.org/cdn-cgi/images/browser-bar.png?1376755637
Reusing existing connection to brainworkup.org:443.
HTTP request sent, awaiting response... 200 OK
Length: 715 [image/png]
Remote file exists but does not contain any link -- not retrieving.

Removing brainworkup.org/cdn-cgi/images/browser-bar.png?1376755637.tmp.
unlink: No such file or directory

Spider mode enabled. Check if remote file exists.
--2024-01-04 06:11:01--  https://brainworkup.org/cdn-cgi/images/cf-no-screenshot-warn.png
Reusing existing connection to brainworkup.org:443.
HTTP request sent, awaiting response... 200 OK
Length: 2592 (2.5K) [image/png]
Remote file exists but does not contain any link -- not retrieving.

Removing brainworkup.org/cdn-cgi/images/cf-no-screenshot-warn.png.tmp.
unlink: No such file or directory

Spider mode enabled. Check if remote file exists.
--2024-01-04 06:11:02--  https://brainworkup.org/cdn-cgi/images/cf-no-screenshot-error.png
Reusing existing connection to brainworkup.org:443.
HTTP request sent, awaiting response... 200 OK
Length: 3213 (3.1K) [image/png]
Remote file exists but does not contain any link -- not retrieving.

Removing brainworkup.org/cdn-cgi/images/cf-no-screenshot-error.png.tmp.
unlink: No such file or directory

Spider mode enabled. Check if remote file exists.
--2024-01-04 06:11:03--  https://brainworkup.org/cdn-cgi/images/cf-icon-ok.png
Reusing existing connection to brainworkup.org:443.
HTTP request sent, awaiting response... 200 OK
Length: 946 [image/png]
Remote file exists but does not contain any link -- not retrieving.

Removing brainworkup.org/cdn-cgi/images/cf-icon-ok.png.tmp.
unlink: No such file or directory

Spider mode enabled. Check if remote file exists.
--2024-01-04 06:11:04--  https://brainworkup.org/cdn-cgi/images/cf-icon-error.png
Reusing existing connection to brainworkup.org:443.
HTTP request sent, awaiting response... 200 OK
Length: 854 [image/png]
Remote file exists but does not contain any link -- not retrieving.

Removing brainworkup.org/cdn-cgi/images/cf-icon-error.png.tmp.
unlink: No such file or directory

Spider mode enabled. Check if remote file exists.
--2024-01-04 06:11:05--  https://brainworkup.org/cdn-cgi/images/cf-icon-browser.png
Reusing existing connection to brainworkup.org:443.
HTTP request sent, awaiting response... 200 OK
Length: 484 [image/png]
Remote file exists but does not contain any link -- not retrieving.

Removing brainworkup.org/cdn-cgi/images/cf-icon-browser.png.tmp.
unlink: No such file or directory

Spider mode enabled. Check if remote file exists.
--2024-01-04 06:11:06--  https://brainworkup.org/cdn-cgi/images/cf-icon-cloud.png
Reusing existing connection to brainworkup.org:443.
HTTP request sent, awaiting response... 200 OK
Length: 1484 (1.4K) [image/png]
Remote file exists but does not contain any link -- not retrieving.

Removing brainworkup.org/cdn-cgi/images/cf-icon-cloud.png.tmp.
unlink: No such file or directory

Spider mode enabled. Check if remote file exists.
--2024-01-04 06:11:07--  https://brainworkup.org/cdn-cgi/images/cf-icon-server.png
Reusing existing connection to brainworkup.org:443.
HTTP request sent, awaiting response... 200 OK
Length: 1384 (1.4K) [image/png]
Remote file exists but does not contain any link -- not retrieving.

Removing brainworkup.org/cdn-cgi/images/cf-icon-server.png.tmp.
unlink: No such file or directory

Found 2 broken links.

https://brainworkup.org/site_libs/cookie-consent/cookie-consent.js
https://brainworkup.org/site_libs/cookie-consent/cookie-consent.css

FINISHED --2024-01-04 06:11:07--
Total wall clock time: 3m 9s
Downloaded: 57 files, 2.5M in 0.3s (8.99 MB/s)
